app/build/outputs/logs/manifest-merger-debug-report.txt
-- Merging decision tree log ---
manifest
ADDED from src\main\AndroidManifest.xml:17:1-97:12
	xmlns:android
		ADDED from src\main\AndroidManifest.xml:17:11-69
	package
		ADDED from src\main\AndroidManifest.xml:18:5-39
		INJECTED from src\main\AndroidManifest.xml
		INJECTED from src\main\AndroidManifest.xml
	android:versionName
		ADDED from src\main\AndroidManifest.xml:21:5-32
		INJECTED from src\main\AndroidManifest.xml
		INJECTED from src\main\AndroidManifest.xml
	android:versionCode
		ADDED from src\main\AndroidManifest.xml:20:5-29
		INJECTED from src\main\AndroidManifest.xml
		INJECTED from src\main\AndroidManifest.xml
	android:installLocation
		ADDED from src\main\AndroidManifest.xml:19:5-35
uses-permission#android.permission.CAMERA
ADDED from src\main\AndroidManifest.xml:23:5-65
	android:name
		ADDED from src\main\AndroidManifest.xml:23:22-62
uses-permission#android.permission.INTERNET
ADDED from src\main\AndroidManifest.xml:24:5-67
	android:name
		ADDED from src\main\AndroidManifest.xml:24:22-64
uses-permission#android.permission.VIBRATE
ADDED from src\main\AndroidManifest.xml:25:5-66
	android:name
		ADDED from src\main\AndroidManifest.xml:25:22-63
uses-permission#android.permission.FLASHLIGHT
ADDED from src\main\AndroidManifest.xml:26:5-69
	android:name
		ADDED from src\main\AndroidManifest.xml:26:22-66
uses-permission#android.permission.READ_CONTACTS
ADDED from src\main\AndroidManifest.xml:27:5-72
	android:name
		ADDED from src\main\AndroidManifest.xml:27:22-69
uses-permission#com.android.browser.permission.READ_HISTORY_BOOKMARKS
ADDED from src\main\AndroidManifest.xml:28:5-93
	android:name
		ADDED from src\main\AndroidManifest.xml:28:22-90
uses-permission#android.permission.WRITE_EXTERNAL_STORAGE
ADDED from src\main\AndroidManifest.xml:29:5-81
	android:name
		ADDED from src\main\AndroidManifest.xml:29:22-78
uses-permission#android.permission.CHANGE_WIFI_STATE
ADDED from src\main\AndroidManifest.xml:30:5-76
	android:name
		ADDED from src\main\AndroidManifest.xml:30:22-73
uses-permission#android.permission.ACCESS_WIFI_STATE
ADDED from src\main\AndroidManifest.xml:31:5-76
	android:name
		ADDED from src\main\AndroidManifest.xml:31:22-73
uses-sdk
ADDED from src\main\AndroidManifest.xml:33:5-35:41
	android:targetSdkVersion
		ADDED from src\main\AndroidManifest.xml:35:9-38
		INJECTED from src\main\AndroidManifest.xml
		INJECTED from src\main\AndroidManifest.xml
	android:minSdkVersion
		ADDED from src\main\AndroidManifest.xml:34:9-34
		INJECTED from src\main\AndroidManifest.xml
		INJECTED from src\main\AndroidManifest.xml
uses-feature#android.hardware.camera
ADDED from src\main\AndroidManifest.xml:38:5-40:36
	android:required
		ADDED from src\main\AndroidManifest.xml:40:9-33
	android:name
		ADDED from src\main\AndroidManifest.xml:39:9-47
uses-feature#android.hardware.camera.front
ADDED from src\main\AndroidManifest.xml:41:5-43:36
	android:required
		ADDED from src\main\AndroidManifest.xml:43:9-33
	android:name
		ADDED from src\main\AndroidManifest.xml:42:9-53
uses-feature#android.hardware.camera.autofocus
ADDED from src\main\AndroidManifest.xml:44:5-46:36
	android:required
		ADDED from src\main\AndroidManifest.xml:46:9-33
	android:name
		ADDED from src\main\AndroidManifest.xml:45:9-57
uses-feature#android.hardware.camera.flash
ADDED from src\main\AndroidManifest.xml:47:5-49:36
	android:required
		ADDED from src\main\AndroidManifest.xml:49:9-33
	android:name
		ADDED from src\main\AndroidManifest.xml:48:9-53
uses-feature#android.hardware.screen.landscape
ADDED from src\main\AndroidManifest.xml:50:5-70
	android:name
		ADDED from src\main\AndroidManifest.xml:50:19-67
uses-feature#android.hardware.wifi
ADDED from src\main\AndroidManifest.xml:51:5-53:36
	android:required
		ADDED from src\main\AndroidManifest.xml:53:9-33
	android:name
		ADDED from src\main\AndroidManifest.xml:52:9-45
uses-feature#android.hardware.touchscreen
ADDED from src\main\AndroidManifest.xml:54:5-56:36
	android:required
		ADDED from src\main\AndroidManifest.xml:56:9-33
	android:name
		ADDED from src\main\AndroidManifest.xml:55:9-52
supports-screens
ADDED from src\main\AndroidManifest.xml:59:5-64:40
	android:largeScreens
		ADDED from src\main\AndroidManifest.xml:61:9-36
	android:anyDensity
		ADDED from src\main\AndroidManifest.xml:60:9-34
	android:normalScreens
		ADDED from src\main\AndroidManifest.xml:62:9-37
	android:xlargeScreens
		ADDED from src\main\AndroidManifest.xml:64:9-37
	android:smallScreens
		ADDED from src\main\AndroidManifest.xml:63:9-36
application
ADDED from src\main\AndroidManifest.xml:66:5-95:19
	android:label
		ADDED from src\main\AndroidManifest.xml:68:9-41
	android:icon
		ADDED from src\main\AndroidManifest.xml:67:9-47
activity#com.sitech.oncon.barcode.core.CaptureActivity
ADDED from src\main\AndroidManifest.xml:69:9-84:20
	android:windowSoftInputMode
		ADDED from src\main\AndroidManifest.xml:76:13-60
	android:screenOrientation
		ADDED from src\main\AndroidManifest.xml:73:13-49
	android:configChanges
		ADDED from src\main\AndroidManifest.xml:72:13-63
	android:theme
		ADDED from src\main\AndroidManifest.xml:75:13-71
	android:stateNotNeeded
		ADDED from src\main\AndroidManifest.xml:74:13-42
	android:clearTaskOnLaunch
		ADDED from src\main\AndroidManifest.xml:71:13-45
	android:name
		ADDED from src\main\AndroidManifest.xml:70:13-73
intent-filter#android.intent.action.MAIN+android.intent.category.LAUNCHER
ADDED from src\main\AndroidManifest.xml:77:13-80:29
action#android.intent.action.MAIN
ADDED from src\main\AndroidManifest.xml:78:17-69
	android:name
		ADDED from src\main\AndroidManifest.xml:78:25-66
category#android.intent.category.LAUNCHER
ADDED from src\main\AndroidManifest.xml:79:17-77
	android:name
		ADDED from src\main\AndroidManifest.xml:79:27-74